Determining if the pthread_create exist failed with the following output:
Change Dir: /home/rayandaod/Documents/spatial mapping/cmake-build-debug/CMakeFiles/CMakeTmp

Run Build Command:"/usr/bin/make" "cmTC_6524b/fast"
/usr/bin/make -f CMakeFiles/cmTC_6524b.dir/build.make CMakeFiles/cmTC_6524b.dir/build
make[1]: Entering directory '/home/rayandaod/Documents/spatial mapping/cmake-build-debug/CMakeFiles/CMakeTmp'
Building C object CMakeFiles/cmTC_6524b.dir/CheckSymbolExists.c.o
/usr/bin/cc   -fPIC    -o CMakeFiles/cmTC_6524b.dir/CheckSymbolExists.c.o   -c "/home/rayandaod/Documents/spatial mapping/cmake-build-debug/CMakeFiles/CMakeTmp/CheckSymbolExists.c"
Linking C executable cmTC_6524b
/home/rayandaod/Downloads/clion-2017.3.4/bin/cmake/bin/cmake -E cmake_link_script CMakeFiles/cmTC_6524b.dir/link.txt --verbose=1
/usr/bin/cc -fPIC     -rdynamic CMakeFiles/cmTC_6524b.dir/CheckSymbolExists.c.o  -o cmTC_6524b 
CMakeFiles/cmTC_6524b.dir/CheckSymbolExists.c.o: In function `main':
CheckSymbolExists.c:(.text+0x1b): undefined reference to `pthread_create'
collect2: error: ld returned 1 exit status
CMakeFiles/cmTC_6524b.dir/build.make:97: recipe for target 'cmTC_6524b' failed
make[1]: *** [cmTC_6524b] Error 1
make[1]: Leaving directory '/home/rayandaod/Documents/spatial mapping/cmake-build-debug/CMakeFiles/CMakeTmp'
Makefile:126: recipe for target 'cmTC_6524b/fast' failed
make: *** [cmTC_6524b/fast] Error 2

File /home/rayandaod/Documents/spatial mapping/cmake-build-debug/CMakeFiles/CMakeTmp/CheckSymbolExists.c:
/* */
#include <pthread.h>

int main(int argc, char** argv)
{
  (void)argv;
#ifndef pthread_create
  return ((int*)(&pthread_create))[argc];
#else
  (void)argc;
  return 0;
#endif
}

Determining if the function pthread_create exists in the pthreads failed with the following output:
Change Dir: /home/rayandaod/Documents/spatial mapping/cmake-build-debug/CMakeFiles/CMakeTmp

Run Build Command:"/usr/bin/make" "cmTC_b3fbe/fast"
/usr/bin/make -f CMakeFiles/cmTC_b3fbe.dir/build.make CMakeFiles/cmTC_b3fbe.dir/build
make[1]: Entering directory '/home/rayandaod/Documents/spatial mapping/cmake-build-debug/CMakeFiles/CMakeTmp'
Building C object CMakeFiles/cmTC_b3fbe.dir/CheckFunctionExists.c.o
/usr/bin/cc   -fPIC -DCHECK_FUNCTION_EXISTS=pthread_create   -o CMakeFiles/cmTC_b3fbe.dir/CheckFunctionExists.c.o   -c /home/rayandaod/Downloads/clion-2017.3.4/bin/cmake/share/cmake-3.9/Modules/CheckFunctionExists.c
Linking C executable cmTC_b3fbe
/home/rayandaod/Downloads/clion-2017.3.4/bin/cmake/bin/cmake -E cmake_link_script CMakeFiles/cmTC_b3fbe.dir/link.txt --verbose=1
/usr/bin/cc -fPIC -DCHECK_FUNCTION_EXISTS=pthread_create    -rdynamic CMakeFiles/cmTC_b3fbe.dir/CheckFunctionExists.c.o  -o cmTC_b3fbe -lpthreads 
/usr/bin/ld: cannot find -lpthreads
collect2: error: ld returned 1 exit status
CMakeFiles/cmTC_b3fbe.dir/build.make:97: recipe for target 'cmTC_b3fbe' failed
make[1]: *** [cmTC_b3fbe] Error 1
make[1]: Leaving directory '/home/rayandaod/Documents/spatial mapping/cmake-build-debug/CMakeFiles/CMakeTmp'
Makefile:126: recipe for target 'cmTC_b3fbe/fast' failed
make: *** [cmTC_b3fbe/fast] Error 2


